#
# There is insufficient memory for the Java Runtime Environment to continue.
# Native memory allocation (malloc) failed to allocate 2323856 bytes. Error detail: Chunk::new
# Possible reasons:
#   The system is out of physical RAM or swap space
#   This process is running with CompressedOops enabled, and the Java Heap may be blocking the growth of the native heap
# Possible solutions:
#   Reduce memory load on the system
#   Increase physical memory or swap space
#   Check if swap backing store is full
#   Decrease Java heap size (-Xmx/-Xms)
#   Decrease number of Java threads
#   Decrease Java thread stack sizes (-Xss)
#   Set larger code cache with -XX:ReservedCodeCacheSize=
#   JVM is running with Unscaled Compressed Oops mode in which the Java heap is
#     placed in the first 4GB address space. The Java Heap base address is the
#     maximum limit for the native heap growth. Please use -XX:HeapBaseMinAddress
#     to set the Java Heap base and to place the Java Heap above 4GB virtual address.
# This output file may be truncated or incomplete.
#
#  Out of Memory Error (arena.cpp:191), pid=16736, tid=19028
#
# JRE version: OpenJDK Runtime Environment Temurin-17.0.12+7 (17.0.12+7) (build 17.0.12+7)
# Java VM: OpenJDK 64-Bit Server VM Temurin-17.0.12+7 (17.0.12+7, mixed mode, tiered, compressed oops, compressed class ptrs, parallel gc, windows-amd64)
# No core dump will be written. Minidumps are not enabled by default on client versions of Windows
#

---------------  S U M M A R Y ------------

Command Line: --add-modules=ALL-SYSTEM --add-opens=java.base/java.util=ALL-UNNAMED --add-opens=java.base/java.lang=ALL-UNNAMED --add-opens=java.base/sun.nio.fs=ALL-UNNAMED -Declipse.application=org.eclipse.jdt.ls.core.id1 -Dosgi.bundles.defaultStartLevel=4 -Declipse.product=org.eclipse.jdt.ls.core.product -Djava.import.generatesMetadataFilesAtProjectRoot=false -DDetectVMInstallationsJob.disabled=true -Dfile.encoding=utf8 -XX:+UseParallelGC -XX:GCTimeRatio=4 -XX:AdaptiveSizePolicyWeight=90 -Dsun.zip.disableMemoryMapping=true -Xmx1G -Xms100m -Xlog:disable -javaagent:c:\Users\tiago\.vscode\extensions\redhat.java-1.35.1-win32-x64\lombok\lombok-1.18.33.jar -XX:+HeapDumpOnOutOfMemoryError -XX:HeapDumpPath=c:\Users\tiago\AppData\Roaming\Code\User\workspaceStorage\62c4f41c22d1dc319b9d2b4b6d873268\redhat.java -Daether.dependencyCollector.impl=bf c:\Users\tiago\.vscode\extensions\redhat.java-1.35.1-win32-x64\server\plugins\org.eclipse.equinox.launcher_1.6.900.v20240613-2009.jar -configuration c:\Users\tiago\AppData\Roaming\Code\User\globalStorage\redhat.java\1.35.1\config_win -data c:\Users\tiago\AppData\Roaming\Code\User\workspaceStorage\62c4f41c22d1dc319b9d2b4b6d873268\redhat.java\jdt_ws --pipe=\\.\pipe\lsp-dd9aba79a493fe7811c3494d8628bef2-sock

Host: Intel(R) Core(TM) i7-3540M CPU @ 3.00GHz, 4 cores, 7G,  Windows 10 , 64 bit Build 19041 (10.0.19041.4842)
Time: Wed Oct  9 02:14:23 2024 Hora oficial do Brasil elapsed time: 499.192555 seconds (0d 0h 8m 19s)

---------------  T H R E A D  ---------------

Current thread (0x00000208775b53b0):  JavaThread "C2 CompilerThread0" daemon [_thread_in_native, id=19028, stack(0x000000f1f1700000,0x000000f1f1800000)]


Current CompileTask:
C2: 499192 13170       4       org.eclipse.jdt.internal.compiler.lookup.LookupEnvironment::getTypeFromTypeSignature (770 bytes)

Stack: [0x000000f1f1700000,0x000000f1f1800000]
Native frames: (J=compiled Java code, j=interpreted, Vv=VM code, C=native code)
V  [jvm.dll+0x67f929]
V  [jvm.dll+0x8371ba]
V  [jvm.dll+0x838c7e]
V  [jvm.dll+0x8392e3]
V  [jvm.dll+0x24834f]
V  [jvm.dll+0xac9d4]
V  [jvm.dll+0xad01c]
V  [jvm.dll+0x367452]
V  [jvm.dll+0x33197a]
V  [jvm.dll+0x330e1a]
V  [jvm.dll+0x21a8b1]
V  [jvm.dll+0x219cf1]
V  [jvm.dll+0x1a58bd]
V  [jvm.dll+0x229a2d]
V  [jvm.dll+0x227bdc]
V  [jvm.dll+0x7ec1f7]
V  [jvm.dll+0x7e65dc]
V  [jvm.dll+0x67e7f7]
C  [ucrtbase.dll+0x21bb2]
C  [KERNEL32.DLL+0x17374]
C  [ntdll.dll+0x4cc91]


---------------  P R O C E S S  ---------------

Threads class SMR info:
_java_thread_list=0x000002081067bca0, length=37, elements={
0x000002087273cfe0, 0x00000208727fb480, 0x00000208727fdd30, 0x00000208775aaf50,
0x00000208775abbe0, 0x00000208775ac970, 0x00000208775b4610, 0x00000208775b53b0,
0x000002087c7aaf60, 0x000002087c7ae030, 0x000002087c82e000, 0x000002087cb5a0d0,
0x000002087d174a70, 0x000002087d29a540, 0x000002087ce5ef30, 0x000002087cb58ca0,
0x000002087cf30310, 0x000002087d674ca0, 0x000002087d677010, 0x000002087d6756c0,
0x000002087d675bd0, 0x000002087d676b00, 0x000002087d674280, 0x000002087d6760e0,
0x000002087e445810, 0x000002087e442f90, 0x000002087e447b80, 0x000002087e448ab0,
0x000002087e447670, 0x000002087e4434a0, 0x000002087e447160, 0x000002087e446230,
0x000002087e446c50, 0x000002087e4494d0, 0x000002087e448fc0, 0x000002087e448090,
0x000002087e4443d0
}

Java Threads: ( => current thread )
  0x000002087273cfe0 JavaThread "main" [_thread_blocked, id=14852, stack(0x000000f1f0e00000,0x000000f1f0f00000)]
  0x00000208727fb480 JavaThread "Reference Handler" daemon [_thread_blocked, id=12200, stack(0x000000f1f1100000,0x000000f1f1200000)]
  0x00000208727fdd30 JavaThread "Finalizer" daemon [_thread_blocked, id=14696, stack(0x000000f1f1200000,0x000000f1f1300000)]
  0x00000208775aaf50 JavaThread "Signal Dispatcher" daemon [_thread_blocked, id=11704, stack(0x000000f1f1300000,0x000000f1f1400000)]
  0x00000208775abbe0 JavaThread "Attach Listener" daemon [_thread_blocked, id=7484, stack(0x000000f1f1400000,0x000000f1f1500000)]
  0x00000208775ac970 JavaThread "Service Thread" daemon [_thread_blocked, id=18620, stack(0x000000f1f1500000,0x000000f1f1600000)]
  0x00000208775b4610 JavaThread "Monitor Deflation Thread" daemon [_thread_blocked, id=18032, stack(0x000000f1f1600000,0x000000f1f1700000)]
=>0x00000208775b53b0 JavaThread "C2 CompilerThread0" daemon [_thread_in_native, id=19028, stack(0x000000f1f1700000,0x000000f1f1800000)]
  0x000002087c7aaf60 JavaThread "C1 CompilerThread0" daemon [_thread_blocked, id=14964, stack(0x000000f1f1800000,0x000000f1f1900000)]
  0x000002087c7ae030 JavaThread "Sweeper thread" daemon [_thread_blocked, id=14864, stack(0x000000f1f1900000,0x000000f1f1a00000)]
  0x000002087c82e000 JavaThread "Common-Cleaner" daemon [_thread_blocked, id=12964, stack(0x000000f1f1a00000,0x000000f1f1b00000)]
  0x000002087cb5a0d0 JavaThread "Notification Thread" daemon [_thread_blocked, id=17900, stack(0x000000f1f1b00000,0x000000f1f1c00000)]
  0x000002087d174a70 JavaThread "Active Thread: Equinox Container: 472d5907-483f-4a94-9c9e-9395b2120240" [_thread_blocked, id=18052, stack(0x000000f1f2100000,0x000000f1f2200000)]
  0x000002087d29a540 JavaThread "Framework Event Dispatcher: Equinox Container: 472d5907-483f-4a94-9c9e-9395b2120240" daemon [_thread_blocked, id=1324, stack(0x000000f1f2000000,0x000000f1f2100000)]
  0x000002087ce5ef30 JavaThread "Start Level: Equinox Container: 472d5907-483f-4a94-9c9e-9395b2120240" daemon [_thread_blocked, id=2544, stack(0x000000f1f2200000,0x000000f1f2300000)]
  0x000002087cb58ca0 JavaThread "Bundle File Closer" daemon [_thread_blocked, id=17508, stack(0x000000f1f2400000,0x000000f1f2500000)]
  0x000002087cf30310 JavaThread "SCR Component Actor" daemon [_thread_blocked, id=3100, stack(0x000000f1f2300000,0x000000f1f2400000)]
  0x000002087d674ca0 JavaThread "Worker-JM" [_thread_blocked, id=11908, stack(0x000000f1f2600000,0x000000f1f2700000)]
  0x000002087d677010 JavaThread "Worker-0" [_thread_blocked, id=17456, stack(0x000000f1f2700000,0x000000f1f2800000)]
  0x000002087d6756c0 JavaThread "Java indexing" daemon [_thread_blocked, id=6944, stack(0x000000f1f2b00000,0x000000f1f2c00000)]
  0x000002087d675bd0 JavaThread "JNA Cleaner" daemon [_thread_blocked, id=19184, stack(0x000000f1f2d00000,0x000000f1f2e00000)]
  0x000002087d676b00 JavaThread "Thread-2" daemon [_thread_in_native, id=6984, stack(0x000000f1f3000000,0x000000f1f3100000)]
  0x000002087d674280 JavaThread "Thread-3" daemon [_thread_in_native, id=15696, stack(0x000000f1f3100000,0x000000f1f3200000)]
  0x000002087d6760e0 JavaThread "Thread-4" daemon [_thread_in_native, id=3232, stack(0x000000f1f3200000,0x000000f1f3300000)]
  0x000002087e445810 JavaThread "Thread-5" daemon [_thread_in_native, id=14916, stack(0x000000f1f3300000,0x000000f1f3400000)]
  0x000002087e442f90 JavaThread "Thread-6" daemon [_thread_in_native, id=13736, stack(0x000000f1f3400000,0x000000f1f3500000)]
  0x000002087e447b80 JavaThread "pool-2-thread-1" [_thread_blocked, id=19100, stack(0x000000f1f3500000,0x000000f1f3600000)]
  0x000002087e448ab0 JavaThread "WorkspaceEventsHandler" [_thread_blocked, id=8268, stack(0x000000f1f3600000,0x000000f1f3700000)]
  0x000002087e447670 JavaThread "pool-1-thread-1" [_thread_blocked, id=7720, stack(0x000000f1f3700000,0x000000f1f3800000)]
  0x000002087e4434a0 JavaThread "Compiler Source File Reader" daemon [_thread_blocked, id=14060, stack(0x000000f1f3e00000,0x000000f1f3f00000)]
  0x000002087e447160 JavaThread "Compiler Source File Reader" daemon [_thread_blocked, id=15112, stack(0x000000f1f3f00000,0x000000f1f4000000)]
  0x000002087e446230 JavaThread "Worker-6" [_thread_blocked, id=17500, stack(0x000000f1f3b00000,0x000000f1f3c00000)]
  0x000002087e446c50 JavaThread "ForkJoinPool.commonPool-worker-4" daemon [_thread_blocked, id=13844, stack(0x000000f1f0c00000,0x000000f1f0d00000)]
  0x000002087e4494d0 JavaThread "ForkJoinPool.commonPool-worker-5" daemon [_thread_blocked, id=7004, stack(0x000000f1f0d00000,0x000000f1f0e00000)]
  0x000002087e448fc0 JavaThread "Worker-7" [_thread_blocked, id=16160, stack(0x000000f1f2800000,0x000000f1f2900000)]
  0x000002087e448090 JavaThread "ForkJoinPool.commonPool-worker-6" daemon [_thread_blocked, id=1628, stack(0x000000f1f2500000,0x000000f1f2600000)]
  0x000002087e4443d0 JavaThread "Cleaner-0" daemon [_thread_blocked, id=2976, stack(0x000000f1f2900000,0x000000f1f2a00000)]

Other Threads:
  0x000002087756ca60 VMThread "VM Thread" [stack: 0x000000f1f1000000,0x000000f1f1100000] [id=16212]
  0x000002087cb6e7f0 WatcherThread [stack: 0x000000f1f1c00000,0x000000f1f1d00000] [id=15100]
  0x000002087274ba50 GCTaskThread "GC Thread#0" [stack: 0x000000f1f0f00000,0x000000f1f1000000] [id=13596]
  0x000002087cf334e0 GCTaskThread "GC Thread#1" [stack: 0x000000f1f1d00000,0x000000f1f1e00000] [id=6804]
  0x000002087cf33bb0 GCTaskThread "GC Thread#2" [stack: 0x000000f1f1e00000,0x000000f1f1f00000] [id=5732]
  0x000002087cf33e70 GCTaskThread "GC Thread#3" [stack: 0x000000f1f1f00000,0x000000f1f2000000] [id=3268]

Threads with active compile tasks:
C2 CompilerThread0   499230 13170       4       org.eclipse.jdt.internal.compiler.lookup.LookupEnvironment::getTypeFromTypeSignature (770 bytes)

VM state: not at safepoint (normal execution)

VM Mutex/Monitor currently owned by a thread: None

Heap address: 0x00000000c0000000, size: 1024 MB, Compressed Oops mode: 32-bit

CDS archive(s) not mapped
Compressed class space mapped at: 0x0000000100000000-0x0000000140000000, reserved size: 1073741824
Narrow klass base: 0x0000000000000000, Narrow klass shift: 3, Narrow klass range: 0x140000000

GC Precious Log:
 CPUs: 4 total, 4 available
 Memory: 8063M
 Large Page Support: Disabled
 NUMA Support: Disabled
 Compressed Oops: Enabled (32-bit)
 Alignments: Space 512K, Generation 512K, Heap 2M
 Heap Min Capacity: 100M
 Heap Initial Capacity: 100M
 Heap Max Capacity: 1G
 Pre-touch: Disabled
 Parallel Workers: 4

Heap:
 PSYoungGen      total 8192K, used 2222K [0x00000000eab00000, 0x00000000eb680000, 0x0000000100000000)
  eden space 7168K, 16% used [0x00000000eab00000,0x00000000eac2fef0,0x00000000eb200000)
  from space 1024K, 98% used [0x00000000eb400000,0x00000000eb4fb930,0x00000000eb500000)
  to   space 2048K, 0% used [0x00000000eb200000,0x00000000eb200000,0x00000000eb400000)
 ParOldGen       total 130560K, used 98099K [0x00000000c0000000, 0x00000000c7f80000, 0x00000000eab00000)
  object space 130560K, 75% used [0x00000000c0000000,0x00000000c5fccd90,0x00000000c7f80000)
 Metaspace       used 81995K, committed 83264K, reserved 1179648K
  class space    used 8664K, committed 9216K, reserved 1048576K

Card table byte_map: [0x00000208720e0000,0x00000208722f0000] _byte_map_base: 0x0000020871ae0000

Marking Bits: (ParMarkBitMap*) 0x00007ffba8ac58b0
 Begin Bits: [0x00000208753e0000, 0x00000208763e0000)
 End Bits:   [0x00000208763e0000, 0x00000208773e0000)

Polling page: 0x0000020870700000

Metaspace:

Usage:
  Non-class:     71.61 MB used.
      Class:      8.46 MB used.
       Both:     80.07 MB used.

Virtual space:
  Non-class space:      128.00 MB reserved,      72.31 MB ( 56%) committed,  2 nodes.
      Class space:        1.00 GB reserved,       9.00 MB ( <1%) committed,  1 nodes.
             Both:        1.12 GB reserved,      81.31 MB (  7%) committed. 

Chunk freelists:
   Non-Class:  6.88 MB
       Class:  6.81 MB
        Both:  13.69 MB

MaxMetaspaceSize: unlimited
CompressedClassSpaceSize: 1.00 GB
Initial GC threshold: 21.00 MB
Current GC threshold: 130.31 MB
CDS: off
MetaspaceReclaimPolicy: balanced
 - commit_granule_bytes: 65536.
 - commit_granule_words: 8192.
 - virtual_space_node_default_size: 8388608.
 - enlarge_chunks_in_place: 1.
 - new_chunks_are_fully_committed: 0.
 - uncommit_free_chunks: 1.
 - use_allocation_guard: 0.
 - handle_deallocations: 1.


Internal statistics:

num_allocs_failed_limit: 9.
num_arena_births: 950.
num_arena_deaths: 16.
num_vsnodes_births: 3.
num_vsnodes_deaths: 0.
num_space_committed: 1301.
num_space_uncommitted: 0.
num_chunks_returned_to_freelist: 26.
num_chunks_taken_from_freelist: 4255.
num_chunk_merges: 14.
num_chunk_splits: 2628.
num_chunks_enlarged: 1525.
num_inconsistent_stats: 0.

CodeHeap 'non-profiled nmethods': size=120000Kb used=8333Kb max_used=8333Kb free=111667Kb
 bounds [0x0000020807ad0000, 0x0000020808300000, 0x000002080f000000]
CodeHeap 'profiled nmethods': size=120000Kb used=23943Kb max_used=24518Kb free=96056Kb
 bounds [0x0000020800000000, 0x0000020801800000, 0x0000020807530000]
CodeHeap 'non-nmethods': size=5760Kb used=1435Kb max_used=1527Kb free=4324Kb
 bounds [0x0000020807530000, 0x00000208077a0000, 0x0000020807ad0000]
 total_blobs=11728 nmethods=10934 adapters=706
 compilation: enabled
              stopped_count=0, restarted_count=0
 full_count=0

Compilation events (20 events):
Event: 498.849 Thread 0x000002087c7aaf60 13244       2       lombok.patcher.MethodLogistics::loadOpcodeFor (145 bytes)
Event: 498.850 Thread 0x000002087c7aaf60 nmethod 13244 0x0000020801699010 code [0x0000020801699240, 0x0000020801699898]
Event: 498.868 Thread 0x000002087c7aaf60 13245       1       org.eclipse.jdt.core.dom.ASTVisitor::visit (2 bytes)
Event: 498.868 Thread 0x000002087c7aaf60 nmethod 13245 0x00000208082f2e10 code [0x00000208082f2fa0, 0x00000208082f3078]
Event: 498.868 Thread 0x000002087c7aaf60 13246       2       org.eclipse.jdt.core.dom.ASTVisitor::endVisit (1 bytes)
Event: 498.868 Thread 0x000002087c7aaf60 nmethod 13246 0x00000208005f5c10 code [0x00000208005f5da0, 0x00000208005f5e98]
Event: 498.871 Thread 0x000002087c7aaf60 13248       1       org.eclipse.lsp4j.jsonrpc.messages.Either::getRight (5 bytes)
Event: 498.871 Thread 0x000002087c7aaf60 nmethod 13248 0x00000208082f3110 code [0x00000208082f32a0, 0x00000208082f3378]
Event: 498.871 Thread 0x000002087c7aaf60 13249       2       org.eclipse.lsp4j.jsonrpc.messages.Either::<init> (15 bytes)
Event: 498.871 Thread 0x000002087c7aaf60 nmethod 13249 0x0000020801698c90 code [0x0000020801698e20, 0x0000020801698f58]
Event: 498.872 Thread 0x000002087c7aaf60 13250       2       org.eclipse.lsp4j.jsonrpc.json.adapters.TupleTypeAdapters$TwoTypeAdapterFactory::create (22 bytes)
Event: 498.872 Thread 0x000002087c7aaf60 nmethod 13250 0x0000020801698790 code [0x0000020801698940, 0x0000020801698b58]
Event: 498.872 Thread 0x000002087c7aaf60 13251       2       org.eclipse.lsp4j.jsonrpc.json.adapters.EitherTypeAdapter$Factory::create (22 bytes)
Event: 498.872 Thread 0x000002087c7aaf60 nmethod 13251 0x0000020801698290 code [0x0000020801698440, 0x0000020801698638]
Event: 498.878 Thread 0x000002087c7aaf60 13252   !   2       java.lang.reflect.Proxy::newProxyInstance (75 bytes)
Event: 498.879 Thread 0x000002087c7aaf60 nmethod 13252 0x0000020801697710 code [0x0000020801697920, 0x0000020801697e68]
Event: 498.904 Thread 0x000002087c7aaf60 13253       2       sun.reflect.annotation.AnnotationParser::parseSig (62 bytes)
Event: 498.905 Thread 0x000002087c7aaf60 nmethod 13253 0x0000020801696c10 code [0x0000020801696e20, 0x0000020801697338]
Event: 498.905 Thread 0x000002087c7aaf60 13254       2       sun.reflect.annotation.AnnotationParser::toClass (32 bytes)
Event: 498.905 Thread 0x000002087c7aaf60 nmethod 13254 0x0000020801254190 code [0x0000020801254380, 0x0000020801254728]

GC Heap History (20 events):
Event: 496.270 GC heap before
{Heap before GC invocations=111 (full 6):
 PSYoungGen      total 5120K, used 5056K [0x00000000eab00000, 0x00000000eb800000, 0x0000000100000000)
  eden space 3072K, 100% used [0x00000000eab00000,0x00000000eae00000,0x00000000eae00000)
  from space 2048K, 96% used [0x00000000eb600000,0x00000000eb7f0000,0x00000000eb800000)
  to   space 2560K, 0% used [0x00000000eb300000,0x00000000eb300000,0x00000000eb580000)
 ParOldGen       total 110080K, used 97513K [0x00000000c0000000, 0x00000000c6b80000, 0x00000000eab00000)
  object space 110080K, 88% used [0x00000000c0000000,0x00000000c5f3a5f8,0x00000000c6b80000)
 Metaspace       used 78735K, committed 80128K, reserved 1179648K
  class space    used 8380K, committed 8960K, reserved 1048576K
}
Event: 496.273 GC heap after
{Heap after GC invocations=111 (full 6):
 PSYoungGen      total 6656K, used 2368K [0x00000000eab00000, 0x00000000eb680000, 0x0000000100000000)
  eden space 4096K, 0% used [0x00000000eab00000,0x00000000eab00000,0x00000000eaf00000)
  from space 2560K, 92% used [0x00000000eb300000,0x00000000eb550000,0x00000000eb580000)
  to   space 1024K, 0% used [0x00000000eb580000,0x00000000eb580000,0x00000000eb680000)
 ParOldGen       total 110080K, used 99497K [0x00000000c0000000, 0x00000000c6b80000, 0x00000000eab00000)
  object space 110080K, 90% used [0x00000000c0000000,0x00000000c612a5f8,0x00000000c6b80000)
 Metaspace       used 78735K, committed 80128K, reserved 1179648K
  class space    used 8380K, committed 8960K, reserved 1048576K
}
Event: 496.284 GC heap before
{Heap before GC invocations=112 (full 6):
 PSYoungGen      total 6656K, used 6464K [0x00000000eab00000, 0x00000000eb680000, 0x0000000100000000)
  eden space 4096K, 100% used [0x00000000eab00000,0x00000000eaf00000,0x00000000eaf00000)
  from space 2560K, 92% used [0x00000000eb300000,0x00000000eb550000,0x00000000eb580000)
  to   space 1024K, 0% used [0x00000000eb580000,0x00000000eb580000,0x00000000eb680000)
 ParOldGen       total 110080K, used 99497K [0x00000000c0000000, 0x00000000c6b80000, 0x00000000eab00000)
  object space 110080K, 90% used [0x00000000c0000000,0x00000000c612a5f8,0x00000000c6b80000)
 Metaspace       used 78735K, committed 80128K, reserved 1179648K
  class space    used 8380K, committed 8960K, reserved 1048576K
}
Event: 496.289 GC heap after
{Heap after GC invocations=112 (full 6):
 PSYoungGen      total 5632K, used 1024K [0x00000000eab00000, 0x00000000ebc00000, 0x0000000100000000)
  eden space 4608K, 0% used [0x00000000eab00000,0x00000000eab00000,0x00000000eaf80000)
  from space 1024K, 100% used [0x00000000eb580000,0x00000000eb680000,0x00000000eb680000)
  to   space 6144K, 0% used [0x00000000eaf80000,0x00000000eaf80000,0x00000000eb580000)
 ParOldGen       total 110080K, used 103929K [0x00000000c0000000, 0x00000000c6b80000, 0x00000000eab00000)
  object space 110080K, 94% used [0x00000000c0000000,0x00000000c657e5f8,0x00000000c6b80000)
 Metaspace       used 78735K, committed 80128K, reserved 1179648K
  class space    used 8380K, committed 8960K, reserved 1048576K
}
Event: 496.700 GC heap before
{Heap before GC invocations=113 (full 6):
 PSYoungGen      total 5632K, used 5632K [0x00000000eab00000, 0x00000000ebc00000, 0x0000000100000000)
  eden space 4608K, 100% used [0x00000000eab00000,0x00000000eaf80000,0x00000000eaf80000)
  from space 1024K, 100% used [0x00000000eb580000,0x00000000eb680000,0x00000000eb680000)
  to   space 6144K, 0% used [0x00000000eaf80000,0x00000000eaf80000,0x00000000eb580000)
 ParOldGen       total 110080K, used 103929K [0x00000000c0000000, 0x00000000c6b80000, 0x00000000eab00000)
  object space 110080K, 94% used [0x00000000c0000000,0x00000000c657e5f8,0x00000000c6b80000)
 Metaspace       used 78779K, committed 80128K, reserved 1179648K
  class space    used 8383K, committed 8960K, reserved 1048576K
}
Event: 496.703 GC heap after
{Heap after GC invocations=113 (full 6):
 PSYoungGen      total 7680K, used 2970K [0x00000000eab00000, 0x00000000eb880000, 0x0000000100000000)
  eden space 4608K, 0% used [0x00000000eab00000,0x00000000eab00000,0x00000000eaf80000)
  from space 3072K, 96% used [0x00000000eaf80000,0x00000000eb266920,0x00000000eb280000)
  to   space 4096K, 0% used [0x00000000eb480000,0x00000000eb480000,0x00000000eb880000)
 ParOldGen       total 110080K, used 104977K [0x00000000c0000000, 0x00000000c6b80000, 0x00000000eab00000)
  object space 110080K, 95% used [0x00000000c0000000,0x00000000c66845f8,0x00000000c6b80000)
 Metaspace       used 78779K, committed 80128K, reserved 1179648K
  class space    used 8383K, committed 8960K, reserved 1048576K
}
Event: 496.802 GC heap before
{Heap before GC invocations=114 (full 6):
 PSYoungGen      total 7680K, used 7502K [0x00000000eab00000, 0x00000000eb880000, 0x0000000100000000)
  eden space 4608K, 98% used [0x00000000eab00000,0x00000000eaf6d048,0x00000000eaf80000)
  from space 3072K, 96% used [0x00000000eaf80000,0x00000000eb266920,0x00000000eb280000)
  to   space 4096K, 0% used [0x00000000eb480000,0x00000000eb480000,0x00000000eb880000)
 ParOldGen       total 110080K, used 104977K [0x00000000c0000000, 0x00000000c6b80000, 0x00000000eab00000)
  object space 110080K, 95% used [0x00000000c0000000,0x00000000c66845f8,0x00000000c6b80000)
 Metaspace       used 78851K, committed 80192K, reserved 1179648K
  class space    used 8386K, committed 8960K, reserved 1048576K
}
Event: 496.807 GC heap after
{Heap after GC invocations=114 (full 6):
 PSYoungGen      total 7168K, used 1055K [0x00000000eab00000, 0x00000000eb600000, 0x0000000100000000)
  eden space 5632K, 0% used [0x00000000eab00000,0x00000000eab00000,0x00000000eb080000)
  from space 1536K, 68% used [0x00000000eb480000,0x00000000eb587dd8,0x00000000eb600000)
  to   space 2048K, 0% used [0x00000000eb200000,0x00000000eb200000,0x00000000eb400000)
 ParOldGen       total 110080K, used 107886K [0x00000000c0000000, 0x00000000c6b80000, 0x00000000eab00000)
  object space 110080K, 98% used [0x00000000c0000000,0x00000000c695b828,0x00000000c6b80000)
 Metaspace       used 78851K, committed 80192K, reserved 1179648K
  class space    used 8386K, committed 8960K, reserved 1048576K
}
Event: 496.807 GC heap before
{Heap before GC invocations=115 (full 7):
 PSYoungGen      total 7168K, used 1055K [0x00000000eab00000, 0x00000000eb600000, 0x0000000100000000)
  eden space 5632K, 0% used [0x00000000eab00000,0x00000000eab00000,0x00000000eb080000)
  from space 1536K, 68% used [0x00000000eb480000,0x00000000eb587dd8,0x00000000eb600000)
  to   space 2048K, 0% used [0x00000000eb200000,0x00000000eb200000,0x00000000eb400000)
 ParOldGen       total 110080K, used 107886K [0x00000000c0000000, 0x00000000c6b80000, 0x00000000eab00000)
  object space 110080K, 98% used [0x00000000c0000000,0x00000000c695b828,0x00000000c6b80000)
 Metaspace       used 78851K, committed 80192K, reserved 1179648K
  class space    used 8386K, committed 8960K, reserved 1048576K
}
Event: 496.983 GC heap after
{Heap after GC invocations=115 (full 7):
 PSYoungGen      total 7168K, used 0K [0x00000000eab00000, 0x00000000eb580000, 0x0000000100000000)
  eden space 6656K, 0% used [0x00000000eab00000,0x00000000eab00000,0x00000000eb180000)
  from space 512K, 0% used [0x00000000eb200000,0x00000000eb200000,0x00000000eb280000)
  to   space 2048K, 0% used [0x00000000eb380000,0x00000000eb380000,0x00000000eb580000)
 ParOldGen       total 130560K, used 96183K [0x00000000c0000000, 0x00000000c7f80000, 0x00000000eab00000)
  object space 130560K, 73% used [0x00000000c0000000,0x00000000c5dedd18,0x00000000c7f80000)
 Metaspace       used 78851K, committed 80192K, reserved 1179648K
  class space    used 8386K, committed 8960K, reserved 1048576K
}
Event: 497.663 GC heap before
{Heap before GC invocations=116 (full 7):
 PSYoungGen      total 7168K, used 6656K [0x00000000eab00000, 0x00000000eb580000, 0x0000000100000000)
  eden space 6656K, 100% used [0x00000000eab00000,0x00000000eb180000,0x00000000eb180000)
  from space 512K, 0% used [0x00000000eb200000,0x00000000eb200000,0x00000000eb280000)
  to   space 2048K, 0% used [0x00000000eb380000,0x00000000eb380000,0x00000000eb580000)
 ParOldGen       total 130560K, used 96183K [0x00000000c0000000, 0x00000000c7f80000, 0x00000000eab00000)
  object space 130560K, 73% used [0x00000000c0000000,0x00000000c5dedd18,0x00000000c7f80000)
 Metaspace       used 78886K, committed 80256K, reserved 1179648K
  class space    used 8392K, committed 8960K, reserved 1048576K
}
Event: 497.665 GC heap after
{Heap after GC invocations=116 (full 7):
 PSYoungGen      total 8704K, used 288K [0x00000000eab00000, 0x00000000eb480000, 0x0000000100000000)
  eden space 7680K, 0% used [0x00000000eab00000,0x00000000eab00000,0x00000000eb280000)
  from space 1024K, 28% used [0x00000000eb380000,0x00000000eb3c8000,0x00000000eb480000)
  to   space 1024K, 0% used [0x00000000eb280000,0x00000000eb280000,0x00000000eb380000)
 ParOldGen       total 130560K, used 96191K [0x00000000c0000000, 0x00000000c7f80000, 0x00000000eab00000)
  object space 130560K, 73% used [0x00000000c0000000,0x00000000c5defd18,0x00000000c7f80000)
 Metaspace       used 78886K, committed 80256K, reserved 1179648K
  class space    used 8392K, committed 8960K, reserved 1048576K
}
Event: 497.897 GC heap before
{Heap before GC invocations=117 (full 7):
 PSYoungGen      total 8704K, used 7968K [0x00000000eab00000, 0x00000000eb480000, 0x0000000100000000)
  eden space 7680K, 100% used [0x00000000eab00000,0x00000000eb280000,0x00000000eb280000)
  from space 1024K, 28% used [0x00000000eb380000,0x00000000eb3c8000,0x00000000eb480000)
  to   space 1024K, 0% used [0x00000000eb280000,0x00000000eb280000,0x00000000eb380000)
 ParOldGen       total 130560K, used 96191K [0x00000000c0000000, 0x00000000c7f80000, 0x00000000eab00000)
  object space 130560K, 73% used [0x00000000c0000000,0x00000000c5defd18,0x00000000c7f80000)
 Metaspace       used 79713K, committed 81088K, reserved 1179648K
  class space    used 8465K, committed 9088K, reserved 1048576K
}
Event: 497.899 GC heap after
{Heap after GC invocations=117 (full 7):
 PSYoungGen      total 8704K, used 874K [0x00000000eab00000, 0x00000000eb580000, 0x0000000100000000)
  eden space 7680K, 0% used [0x00000000eab00000,0x00000000eab00000,0x00000000eb280000)
  from space 1024K, 85% used [0x00000000eb280000,0x00000000eb35a930,0x00000000eb380000)
  to   space 1024K, 0% used [0x00000000eb480000,0x00000000eb480000,0x00000000eb580000)
 ParOldGen       total 130560K, used 96385K [0x00000000c0000000, 0x00000000c7f80000, 0x00000000eab00000)
  object space 130560K, 73% used [0x00000000c0000000,0x00000000c5e20420,0x00000000c7f80000)
 Metaspace       used 79713K, committed 81088K, reserved 1179648K
  class space    used 8465K, committed 9088K, reserved 1048576K
}
Event: 498.432 GC heap before
{Heap before GC invocations=118 (full 7):
 PSYoungGen      total 8704K, used 8544K [0x00000000eab00000, 0x00000000eb580000, 0x0000000100000000)
  eden space 7680K, 99% used [0x00000000eab00000,0x00000000eb27d9f8,0x00000000eb280000)
  from space 1024K, 85% used [0x00000000eb280000,0x00000000eb35a930,0x00000000eb380000)
  to   space 1024K, 0% used [0x00000000eb480000,0x00000000eb480000,0x00000000eb580000)
 ParOldGen       total 130560K, used 96385K [0x00000000c0000000, 0x00000000c7f80000, 0x00000000eab00000)
  object space 130560K, 73% used [0x00000000c0000000,0x00000000c5e20420,0x00000000c7f80000)
 Metaspace       used 80422K, committed 81792K, reserved 1179648K
  class space    used 8532K, committed 9152K, reserved 1048576K
}
Event: 498.434 GC heap after
{Heap after GC invocations=118 (full 7):
 PSYoungGen      total 8704K, used 993K [0x00000000eab00000, 0x00000000eb580000, 0x0000000100000000)
  eden space 7680K, 0% used [0x00000000eab00000,0x00000000eab00000,0x00000000eb280000)
  from space 1024K, 97% used [0x00000000eb480000,0x00000000eb578548,0x00000000eb580000)
  to   space 1536K, 0% used [0x00000000eb280000,0x00000000eb280000,0x00000000eb400000)
 ParOldGen       total 130560K, used 96665K [0x00000000c0000000, 0x00000000c7f80000, 0x00000000eab00000)
  object space 130560K, 74% used [0x00000000c0000000,0x00000000c5e66420,0x00000000c7f80000)
 Metaspace       used 80422K, committed 81792K, reserved 1179648K
  class space    used 8532K, committed 9152K, reserved 1048576K
}
Event: 498.656 GC heap before
{Heap before GC invocations=119 (full 7):
 PSYoungGen      total 8704K, used 8673K [0x00000000eab00000, 0x00000000eb580000, 0x0000000100000000)
  eden space 7680K, 100% used [0x00000000eab00000,0x00000000eb280000,0x00000000eb280000)
  from space 1024K, 97% used [0x00000000eb480000,0x00000000eb578548,0x00000000eb580000)
  to   space 1536K, 0% used [0x00000000eb280000,0x00000000eb280000,0x00000000eb400000)
 ParOldGen       total 130560K, used 96665K [0x00000000c0000000, 0x00000000c7f80000, 0x00000000eab00000)
  object space 130560K, 74% used [0x00000000c0000000,0x00000000c5e66420,0x00000000c7f80000)
 Metaspace       used 81233K, committed 82560K, reserved 1179648K
  class space    used 8587K, committed 9152K, reserved 1048576K
}
Event: 498.658 GC heap after
{Heap after GC invocations=119 (full 7):
 PSYoungGen      total 9216K, used 576K [0x00000000eab00000, 0x00000000eb500000, 0x0000000100000000)
  eden space 7680K, 0% used [0x00000000eab00000,0x00000000eab00000,0x00000000eb280000)
  from space 1536K, 37% used [0x00000000eb280000,0x00000000eb310000,0x00000000eb400000)
  to   space 1024K, 0% used [0x00000000eb400000,0x00000000eb400000,0x00000000eb500000)
 ParOldGen       total 130560K, used 97626K [0x00000000c0000000, 0x00000000c7f80000, 0x00000000eab00000)
  object space 130560K, 74% used [0x00000000c0000000,0x00000000c5f56be0,0x00000000c7f80000)
 Metaspace       used 81233K, committed 82560K, reserved 1179648K
  class space    used 8587K, committed 9152K, reserved 1048576K
}
Event: 498.853 GC heap before
{Heap before GC invocations=120 (full 7):
 PSYoungGen      total 9216K, used 8256K [0x00000000eab00000, 0x00000000eb500000, 0x0000000100000000)
  eden space 7680K, 100% used [0x00000000eab00000,0x00000000eb280000,0x00000000eb280000)
  from space 1536K, 37% used [0x00000000eb280000,0x00000000eb310000,0x00000000eb400000)
  to   space 1024K, 0% used [0x00000000eb400000,0x00000000eb400000,0x00000000eb500000)
 ParOldGen       total 130560K, used 97626K [0x00000000c0000000, 0x00000000c7f80000, 0x00000000eab00000)
  object space 130560K, 74% used [0x00000000c0000000,0x00000000c5f56be0,0x00000000c7f80000)
 Metaspace       used 81797K, committed 83136K, reserved 1179648K
  class space    used 8648K, committed 9216K, reserved 1048576K
}
Event: 498.855 GC heap after
{Heap after GC invocations=120 (full 7):
 PSYoungGen      total 8192K, used 1006K [0x00000000eab00000, 0x00000000eb680000, 0x0000000100000000)
  eden space 7168K, 0% used [0x00000000eab00000,0x00000000eab00000,0x00000000eb200000)
  from space 1024K, 98% used [0x00000000eb400000,0x00000000eb4fb930,0x00000000eb500000)
  to   space 2048K, 0% used [0x00000000eb200000,0x00000000eb200000,0x00000000eb400000)
 ParOldGen       total 130560K, used 98099K [0x00000000c0000000, 0x00000000c7f80000, 0x00000000eab00000)
  object space 130560K, 75% used [0x00000000c0000000,0x00000000c5fccd90,0x00000000c7f80000)
 Metaspace       used 81797K, committed 83136K, reserved 1179648K
  class space    used 8648K, committed 9216K, reserved 1048576K
}

Dll operation events (14 events):
Event: 0.038 Loaded shared library c:\Users\tiago\.vscode\extensions\redhat.java-1.35.1-win32-x64\jre\17.0.12-win32-x86_64\bin\java.dll
Event: 0.484 Loaded shared library c:\Users\tiago\.vscode\extensions\redhat.java-1.35.1-win32-x64\jre\17.0.12-win32-x86_64\bin\zip.dll
Event: 0.491 Loaded shared library C:\Users\tiago\.vscode\extensions\redhat.java-1.35.1-win32-x64\jre\17.0.12-win32-x86_64\bin\instrument.dll
Event: 0.523 Loaded shared library C:\Users\tiago\.vscode\extensions\redhat.java-1.35.1-win32-x64\jre\17.0.12-win32-x86_64\bin\net.dll
Event: 0.529 Loaded shared library C:\Users\tiago\.vscode\extensions\redhat.java-1.35.1-win32-x64\jre\17.0.12-win32-x86_64\bin\nio.dll
Event: 0.541 Loaded shared library C:\Users\tiago\.vscode\extensions\redhat.java-1.35.1-win32-x64\jre\17.0.12-win32-x86_64\bin\zip.dll
Event: 0.583 Loaded shared library C:\Users\tiago\.vscode\extensions\redhat.java-1.35.1-win32-x64\jre\17.0.12-win32-x86_64\bin\jimage.dll
Event: 0.805 Loaded shared library c:\Users\tiago\.vscode\extensions\redhat.java-1.35.1-win32-x64\jre\17.0.12-win32-x86_64\bin\verify.dll
Event: 10.277 Loaded shared library C:\Users\tiago\AppData\Roaming\Code\User\globalStorage\redhat.java\1.35.1\config_win\org.eclipse.equinox.launcher\org.eclipse.equinox.launcher.win32.win32.x86_64_1.2.1100.v20240722-2106\eclipse_11904.dll
Event: 25.607 Loaded shared library C:\Users\tiago\.vscode\extensions\redhat.java-1.35.1-win32-x64\jre\17.0.12-win32-x86_64\bin\management.dll
Event: 25.610 Loaded shared library C:\Users\tiago\.vscode\extensions\redhat.java-1.35.1-win32-x64\jre\17.0.12-win32-x86_64\bin\management_ext.dll
Event: 29.057 Loaded shared library C:\Users\tiago\AppData\Local\Temp\jna-110353012\jna17073835586302741801.dll
Event: 32.131 Loaded shared library C:\Users\tiago\.vscode\extensions\redhat.java-1.35.1-win32-x64\jre\17.0.12-win32-x86_64\bin\sunmscapi.dll
Event: 32.789 Loaded shared library C:\Users\tiago\.vscode\extensions\redhat.java-1.35.1-win32-x64\jre\17.0.12-win32-x86_64\bin\extnet.dll

Deoptimization events (20 events):
Event: 498.269 Thread 0x000002087e446c50 DEOPT PACKING pc=0x00000208082517c8 sp=0x000000f1f0cfe7d0
Event: 498.269 Thread 0x000002087e446c50 DEOPT UNPACKING pc=0x00000208075866a3 sp=0x000000f1f0cfe6c0 mode 2
Event: 498.270 Thread 0x000002087e446c50 Uncommon trap: trap_request=0xffffff45 fr.pc=0x0000020808250120 relative=0x00000000000003e0
Event: 498.270 Thread 0x000002087e446c50 Uncommon trap: reason=unstable_if action=reinterpret pc=0x0000020808250120 method=org.eclipse.jdt.internal.compiler.parser.Scanner.pushLineSeparator()V @ 37 c2
Event: 498.270 Thread 0x000002087e446c50 DEOPT PACKING pc=0x0000020808250120 sp=0x000000f1f0cfe4c0
Event: 498.270 Thread 0x000002087e446c50 DEOPT UNPACKING pc=0x00000208075866a3 sp=0x000000f1f0cfe468 mode 2
Event: 498.599 Thread 0x000002087e448090 DEOPT PACKING pc=0x0000020801287a1a sp=0x000000f1f25fbe30
Event: 498.599 Thread 0x000002087e448090 DEOPT UNPACKING pc=0x0000020807586e43 sp=0x000000f1f25fb540 mode 0
Event: 498.727 Thread 0x000002087e448090 DEOPT PACKING pc=0x000002080079a320 sp=0x000000f1f25fe360
Event: 498.727 Thread 0x000002087e448090 DEOPT UNPACKING pc=0x0000020807586e43 sp=0x000000f1f25fd818 mode 0
Event: 498.728 Thread 0x000002087e448090 DEOPT PACKING pc=0x000002080041cd9b sp=0x000000f1f25fd2a0
Event: 498.728 Thread 0x000002087e448090 DEOPT UNPACKING pc=0x0000020807586e43 sp=0x000000f1f25fc710 mode 0
Event: 498.828 Thread 0x000002087e448090 Uncommon trap: trap_request=0xffffff45 fr.pc=0x0000020807fa1eec relative=0x000000000000040c
Event: 498.828 Thread 0x000002087e448090 Uncommon trap: reason=unstable_if action=reinterpret pc=0x0000020807fa1eec method=org.lombokweb.asm.SymbolTable.addConstantUtf8Reference(ILjava/lang/String;)Lorg/lombokweb/asm/Symbol; @ 45 c2
Event: 498.831 Thread 0x000002087e448090 DEOPT PACKING pc=0x0000020807fa1eec sp=0x000000f1f25f7d00
Event: 498.831 Thread 0x000002087e448090 DEOPT UNPACKING pc=0x00000208075866a3 sp=0x000000f1f25f7c98 mode 2
Event: 498.871 Thread 0x000002087e448090 Uncommon trap: trap_request=0xffffffde fr.pc=0x00000208080f66e8 relative=0x0000000000000068
Event: 498.871 Thread 0x000002087e448090 Uncommon trap: reason=class_check action=maybe_recompile pc=0x00000208080f66e8 method=java.util.LinkedHashMap.afterNodeInsertion(Z)V @ 15 c2
Event: 498.871 Thread 0x000002087e448090 DEOPT PACKING pc=0x00000208080f66e8 sp=0x000000f1f25fea70
Event: 498.871 Thread 0x000002087e448090 DEOPT UNPACKING pc=0x00000208075866a3 sp=0x000000f1f25fe9e8 mode 2

Classes loaded (20 events):
Event: 64.655 Loading class java/nio/file/WatchEvent$Kind
Event: 64.656 Loading class java/nio/file/WatchEvent$Kind done
Event: 64.656 Loading class java/nio/file/WatchEvent$Modifier
Event: 64.656 Loading class java/nio/file/WatchEvent$Modifier done
Event: 64.656 Loading class java/nio/file/WatchKey
Event: 64.656 Loading class java/nio/file/WatchKey done
Event: 495.292 Loading class jdk/internal/event/SecurityPropertyModificationEvent
Event: 495.292 Loading class jdk/internal/event/SecurityPropertyModificationEvent done
Event: 495.438 Loading class java/util/zip/CheckedInputStream
Event: 495.438 Loading class java/util/zip/CheckedInputStream done
Event: 495.646 Loading class java/util/zip/GZIPInputStream$1
Event: 495.646 Loading class java/util/zip/GZIPInputStream$1 done
Event: 497.848 Loading class java/lang/UnsupportedClassVersionError
Event: 497.848 Loading class java/lang/UnsupportedClassVersionError done
Event: 497.871 Loading class jdk/internal/reflect/UnsafeQualifiedStaticIntegerFieldAccessorImpl
Event: 497.872 Loading class jdk/internal/reflect/UnsafeQualifiedStaticIntegerFieldAccessorImpl done
Event: 498.064 Loading class java/util/regex/Pattern$1
Event: 498.064 Loading class java/util/regex/Pattern$1 done
Event: 498.631 Loading class jdk/internal/ref/CleanerImpl$InnocuousThreadFactory
Event: 498.631 Loading class jdk/internal/ref/CleanerImpl$InnocuousThreadFactory done

Classes unloaded (8 events):
Event: 25.566 Thread 0x000002087756ca60 Unloading class 0x000000010024a400 'java/lang/invoke/LambdaForm$MH+0x000000010024a400'
Event: 25.566 Thread 0x000002087756ca60 Unloading class 0x000000010024a000 'java/lang/invoke/LambdaForm$MH+0x000000010024a000'
Event: 25.566 Thread 0x000002087756ca60 Unloading class 0x0000000100249c00 'java/lang/invoke/LambdaForm$MH+0x0000000100249c00'
Event: 25.566 Thread 0x000002087756ca60 Unloading class 0x0000000100249800 'java/lang/invoke/LambdaForm$MH+0x0000000100249800'
Event: 25.566 Thread 0x000002087756ca60 Unloading class 0x0000000100249400 'java/lang/invoke/LambdaForm$BMH+0x0000000100249400'
Event: 25.566 Thread 0x000002087756ca60 Unloading class 0x0000000100249000 'java/lang/invoke/LambdaForm$DMH+0x0000000100249000'
Event: 25.566 Thread 0x000002087756ca60 Unloading class 0x0000000100244400 'java/lang/invoke/LambdaForm$DMH+0x0000000100244400'
Event: 58.253 Thread 0x000002087756ca60 Unloading class 0x00000001006b1000 'java/lang/invoke/LambdaForm$DMH+0x00000001006b1000'

Classes redefined (0 events):
No events

Internal exceptions (20 events):
Event: 76.988 Thread 0x000002087d677010 Exception <a 'sun/nio/fs/WindowsException'{0x00000000eba4a530}> (0x00000000eba4a530) 
thrown [s\src\hotspot\share\prims\jni.cpp, line 516]
Event: 80.583 Thread 0x000002087e448fc0 Exception <a 'java/lang/NoSuchMethodError'{0x00000000eb406a48}: 'int java.lang.invoke.DirectMethodHandle$Holder.invokeStatic(java.lang.Object, java.lang.Object, java.lang.Object, int)'> (0x00000000eb406a48) 
thrown [s\src\hotspot\share\interpreter\linkResolver.cpp, line 759]
Event: 83.074 Thread 0x000002087e448fc0 Exception <a 'sun/nio/fs/WindowsException'{0x00000000eb810410}> (0x00000000eb810410) 
thrown [s\src\hotspot\share\prims\jni.cpp, line 516]
Event: 83.074 Thread 0x000002087e448fc0 Exception <a 'sun/nio/fs/WindowsException'{0x00000000eb810cf0}> (0x00000000eb810cf0) 
thrown [s\src\hotspot\share\prims\jni.cpp, line 516]
Event: 83.178 Thread 0x000002087e448fc0 Exception <a 'sun/nio/fs/WindowsException'{0x00000000ebba36c0}> (0x00000000ebba36c0) 
thrown [s\src\hotspot\share\prims\jni.cpp, line 516]
Event: 83.178 Thread 0x000002087e448fc0 Exception <a 'sun/nio/fs/WindowsException'{0x00000000ebba3fc0}> (0x00000000ebba3fc0) 
thrown [s\src\hotspot\share\prims\jni.cpp, line 516]
Event: 83.285 Thread 0x000002087e448fc0 Exception <a 'sun/nio/fs/WindowsException'{0x00000000eacb4e10}> (0x00000000eacb4e10) 
thrown [s\src\hotspot\share\prims\jni.cpp, line 516]
Event: 83.285 Thread 0x000002087e448fc0 Exception <a 'sun/nio/fs/WindowsException'{0x00000000eacb56f0}> (0x00000000eacb56f0) 
thrown [s\src\hotspot\share\prims\jni.cpp, line 516]
Event: 83.307 Thread 0x000002087e448fc0 Exception <a 'sun/nio/fs/WindowsException'{0x00000000eb02fe60}> (0x00000000eb02fe60) 
thrown [s\src\hotspot\share\prims\jni.cpp, line 516]
Event: 83.307 Thread 0x000002087e448fc0 Exception <a 'sun/nio/fs/WindowsException'{0x00000000eb030740}> (0x00000000eb030740) 
thrown [s\src\hotspot\share\prims\jni.cpp, line 516]
Event: 83.373 Thread 0x000002087e448fc0 Exception <a 'sun/nio/fs/WindowsException'{0x00000000ead36050}> (0x00000000ead36050) 
thrown [s\src\hotspot\share\prims\jni.cpp, line 516]
Event: 83.373 Thread 0x000002087e448fc0 Exception <a 'sun/nio/fs/WindowsException'{0x00000000ead36930}> (0x00000000ead36930) 
thrown [s\src\hotspot\share\prims\jni.cpp, line 516]
Event: 83.400 Thread 0x000002087e448fc0 Exception <a 'sun/nio/fs/WindowsException'{0x00000000eb2fb310}> (0x00000000eb2fb310) 
thrown [s\src\hotspot\share\prims\jni.cpp, line 516]
Event: 83.400 Thread 0x000002087e448fc0 Exception <a 'sun/nio/fs/WindowsException'{0x00000000eb2fbbf0}> (0x00000000eb2fbbf0) 
thrown [s\src\hotspot\share\prims\jni.cpp, line 516]
Event: 83.425 Thread 0x000002087e448fc0 Exception <a 'sun/nio/fs/WindowsException'{0x00000000eb70b4e0}> (0x00000000eb70b4e0) 
thrown [s\src\hotspot\share\prims\jni.cpp, line 516]
Event: 83.425 Thread 0x000002087e448fc0 Exception <a 'sun/nio/fs/WindowsException'{0x00000000eb70bdc0}> (0x00000000eb70bdc0) 
thrown [s\src\hotspot\share\prims\jni.cpp, line 516]
Event: 496.066 Thread 0x000002087e446230 Exception <a 'java/lang/NoSuchMethodError'{0x00000000eacb1758}: 'java.lang.Object java.lang.invoke.DirectMethodHandle$Holder.invokeSpecial(java.lang.Object, java.lang.Object, int, long)'> (0x00000000eacb1758) 
thrown [s\src\hotspot\share\interpreter\linkResolver.cpp, line 759]
Event: 498.109 Thread 0x000002087e448090 Implicit null exception at 0x000002080829b7ff to 0x000002080829b8a4
Event: 498.269 Thread 0x000002087e446c50 Exception <a 'java/lang/ArrayIndexOutOfBoundsException'{0x00000000eb1b1d98}: Index 1045 out of bounds for length 1044> (0x00000000eb1b1d98) 
thrown [s\src\hotspot\share\interpreter\interpreterRuntime.cpp, line 428]
Event: 498.729 Thread 0x000002087e448090 Exception <a 'java/lang/NoSuchMethodError'{0x00000000eae18320}: 'java.lang.Object java.lang.invoke.DirectMethodHandle$Holder.newInvokeSpecial(java.lang.Object, java.lang.Object, int, java.lang.Object, java.lang.Object, java.lang.Object, java.lang.Object)'> (0x00000000eae18320) 
thrown [s\src\hotspot\share\interpreter\linkResolver.cpp, line 759]

VM Operations (20 events):
Event: 496.284 Executing VM operation: ParallelGCFailedAllocation
Event: 496.289 Executing VM operation: ParallelGCFailedAllocation done
Event: 496.700 Executing VM operation: ParallelGCFailedAllocation
Event: 496.703 Executing VM operation: ParallelGCFailedAllocation done
Event: 496.763 Executing VM operation: HandshakeAllThreads
Event: 496.763 Executing VM operation: HandshakeAllThreads done
Event: 496.802 Executing VM operation: ParallelGCFailedAllocation
Event: 496.984 Executing VM operation: ParallelGCFailedAllocation done
Event: 497.663 Executing VM operation: ParallelGCFailedAllocation
Event: 497.665 Executing VM operation: ParallelGCFailedAllocation done
Event: 497.897 Executing VM operation: ParallelGCFailedAllocation
Event: 497.899 Executing VM operation: ParallelGCFailedAllocation done
Event: 497.978 Executing VM operation: HandshakeAllThreads
Event: 497.978 Executing VM operation: HandshakeAllThreads done
Event: 498.432 Executing VM operation: ParallelGCFailedAllocation
Event: 498.434 Executing VM operation: ParallelGCFailedAllocation done
Event: 498.656 Executing VM operation: ParallelGCFailedAllocation
Event: 498.658 Executing VM operation: ParallelGCFailedAllocation done
Event: 498.853 Executing VM operation: ParallelGCFailedAllocation
Event: 498.855 Executing VM operation: ParallelGCFailedAllocation done

Events (20 events):
Event: 123.912 Thread 0x000002087e445300 Thread exited: 0x000002087e445300
Event: 124.974 Thread 0x000002087e442a80 Thread exited: 0x000002087e442a80
Event: 126.322 Thread 0x000002087d6751b0 Thread exited: 0x000002087d6751b0
Event: 136.808 Thread 0x000002087d677520 Thread exited: 0x000002087d677520
Event: 136.993 Thread 0x000002087d6765f0 Thread exited: 0x000002087d6765f0
Event: 137.116 Thread 0x000002087e4485a0 Thread exited: 0x000002087e4485a0
Event: 143.437 Thread 0x000002087e448fc0 Thread exited: 0x000002087e448fc0
Event: 203.440 Thread 0x000002087e446c50 Thread exited: 0x000002087e446c50
Event: 263.445 Thread 0x000002087e4494d0 Thread exited: 0x000002087e4494d0
Event: 358.937 Thread 0x000002087e4443d0 Thread added: 0x000002087e4443d0
Event: 358.938 Thread 0x000002087e4443d0 Thread exited: 0x000002087e4443d0
Event: 358.963 Thread 0x0000020810234000 Thread added: 0x0000020810234000
Event: 359.082 Thread 0x0000020810234000 Thread exited: 0x0000020810234000
Event: 495.264 Thread 0x000002087e446c50 Thread added: 0x000002087e446c50
Event: 495.276 Thread 0x000002087e4494d0 Thread added: 0x000002087e4494d0
Event: 495.306 Thread 0x000002087e4443d0 Thread added: 0x000002087e4443d0
Event: 496.053 Thread 0x000002087e448fc0 Thread added: 0x000002087e448fc0
Event: 496.299 Thread 0x000002087e4443d0 Thread exited: 0x000002087e4443d0
Event: 497.807 Thread 0x000002087e448090 Thread added: 0x000002087e448090
Event: 498.631 Thread 0x000002087e4443d0 Thread added: 0x000002087e4443d0


Dynamic libraries:
0x00007ff6fc100000 - 0x00007ff6fc10e000 	c:\Users\tiago\.vscode\extensions\redhat.java-1.35.1-win32-x64\jre\17.0.12-win32-x86_64\bin\java.exe
0x00007ffc11510000 - 0x00007ffc11708000 	C:\WINDOWS\SYSTEM32\ntdll.dll
0x00007ffc11120000 - 0x00007ffc111e1000 	C:\WINDOWS\System32\KERNEL32.DLL
0x00007ffc0ebc0000 - 0x00007ffc0eebd000 	C:\WINDOWS\System32\KERNELBASE.dll
0x00007ffc0f330000 - 0x00007ffc0f430000 	C:\WINDOWS\System32\ucrtbase.dll
0x00007ffc066d0000 - 0x00007ffc066e7000 	c:\Users\tiago\.vscode\extensions\redhat.java-1.35.1-win32-x64\jre\17.0.12-win32-x86_64\bin\jli.dll
0x00007ffc11330000 - 0x00007ffc114cd000 	C:\WINDOWS\System32\USER32.dll
0x00007ffc0f060000 - 0x00007ffc0f082000 	C:\WINDOWS\System32\win32u.dll
0x00007ffc10bb0000 - 0x00007ffc10bdb000 	C:\WINDOWS\System32\GDI32.dll
0x00007ffc0ef10000 - 0x00007ffc0f027000 	C:\WINDOWS\System32\gdi32full.dll
0x00007ffc0f4a0000 - 0x00007ffc0f53d000 	C:\WINDOWS\System32\msvcp_win.dll
0x00007ffc06620000 - 0x00007ffc0663b000 	c:\Users\tiago\.vscode\extensions\redhat.java-1.35.1-win32-x64\jre\17.0.12-win32-x86_64\bin\VCRUNTIME140.dll
0x00007ffbfc310000 - 0x00007ffbfc5aa000 	C:\WINDOWS\WinSxS\amd64_microsoft.windows.common-controls_6595b64144ccf1df_6.0.19041.4355_none_60b8b9eb71f62e16\COMCTL32.dll
0x00007ffc101c0000 - 0x00007ffc1025e000 	C:\WINDOWS\System32\msvcrt.dll
0x00007ffc10b80000 - 0x00007ffc10baf000 	C:\WINDOWS\System32\IMM32.DLL
0x00007ffc08660000 - 0x00007ffc0866c000 	c:\Users\tiago\.vscode\extensions\redhat.java-1.35.1-win32-x64\jre\17.0.12-win32-x86_64\bin\vcruntime140_1.dll
0x00007ffbf0d40000 - 0x00007ffbf0dcd000 	c:\Users\tiago\.vscode\extensions\redhat.java-1.35.1-win32-x64\jre\17.0.12-win32-x86_64\bin\msvcp140.dll
0x00007ffba7f20000 - 0x00007ffba8b8a000 	c:\Users\tiago\.vscode\extensions\redhat.java-1.35.1-win32-x64\jre\17.0.12-win32-x86_64\bin\server\jvm.dll
0x00007ffc0f5a0000 - 0x00007ffc0f650000 	C:\WINDOWS\System32\ADVAPI32.dll
0x00007ffc0fdc0000 - 0x00007ffc0fe60000 	C:\WINDOWS\System32\sechost.dll
0x00007ffc10be0000 - 0x00007ffc10d03000 	C:\WINDOWS\System32\RPCRT4.dll
0x00007ffc0f030000 - 0x00007ffc0f057000 	C:\WINDOWS\System32\bcrypt.dll
0x00007ffc102d0000 - 0x00007ffc1033b000 	C:\WINDOWS\System32\WS2_32.dll
0x00007ffc0ea20000 - 0x00007ffc0ea6b000 	C:\WINDOWS\SYSTEM32\POWRPROF.dll
0x00007ffbfcf50000 - 0x00007ffbfcf77000 	C:\WINDOWS\SYSTEM32\WINMM.dll
0x00007ffc01580000 - 0x00007ffc0158a000 	C:\WINDOWS\SYSTEM32\VERSION.dll
0x00007ffc0ea00000 - 0x00007ffc0ea12000 	C:\WINDOWS\SYSTEM32\UMPDC.dll
0x00007ffc0ca00000 - 0x00007ffc0ca12000 	C:\WINDOWS\SYSTEM32\kernel.appcore.dll
0x00007ffc06720000 - 0x00007ffc0672a000 	c:\Users\tiago\.vscode\extensions\redhat.java-1.35.1-win32-x64\jre\17.0.12-win32-x86_64\bin\jimage.dll
0x00007ffc02c90000 - 0x00007ffc02e74000 	C:\WINDOWS\SYSTEM32\DBGHELP.DLL
0x00007ffc027c0000 - 0x00007ffc027f4000 	C:\WINDOWS\SYSTEM32\dbgcore.DLL
0x00007ffc0f090000 - 0x00007ffc0f112000 	C:\WINDOWS\System32\bcryptPrimitives.dll
0x00007ffc06470000 - 0x00007ffc0647e000 	c:\Users\tiago\.vscode\extensions\redhat.java-1.35.1-win32-x64\jre\17.0.12-win32-x86_64\bin\instrument.dll
0x00007ffbf34f0000 - 0x00007ffbf3515000 	c:\Users\tiago\.vscode\extensions\redhat.java-1.35.1-win32-x64\jre\17.0.12-win32-x86_64\bin\java.dll
0x00007ffc011c0000 - 0x00007ffc011d8000 	c:\Users\tiago\.vscode\extensions\redhat.java-1.35.1-win32-x64\jre\17.0.12-win32-x86_64\bin\zip.dll
0x00007ffc0f650000 - 0x00007ffc0fdbf000 	C:\WINDOWS\System32\SHELL32.dll
0x00007ffc0cc00000 - 0x00007ffc0d3a3000 	C:\WINDOWS\SYSTEM32\windows.storage.dll
0x00007ffc0fe60000 - 0x00007ffc101b3000 	C:\WINDOWS\System32\combase.dll
0x00007ffc0e440000 - 0x00007ffc0e46e000 	C:\WINDOWS\SYSTEM32\Wldp.dll
0x00007ffc10ee0000 - 0x00007ffc10fad000 	C:\WINDOWS\System32\OLEAUT32.dll
0x00007ffc10e30000 - 0x00007ffc10edd000 	C:\WINDOWS\System32\SHCORE.dll
0x00007ffc10260000 - 0x00007ffc102b5000 	C:\WINDOWS\System32\shlwapi.dll
0x00007ffc0eaf0000 - 0x00007ffc0eb14000 	C:\WINDOWS\SYSTEM32\profapi.dll
0x00007ffbf7010000 - 0x00007ffbf7029000 	C:\Users\tiago\.vscode\extensions\redhat.java-1.35.1-win32-x64\jre\17.0.12-win32-x86_64\bin\net.dll
0x00007ffc05ed0000 - 0x00007ffc05fdd000 	C:\WINDOWS\SYSTEM32\WINHTTP.dll
0x00007ffc0e220000 - 0x00007ffc0e28a000 	C:\WINDOWS\system32\mswsock.dll
0x00007ffbf6100000 - 0x00007ffbf6116000 	C:\Users\tiago\.vscode\extensions\redhat.java-1.35.1-win32-x64\jre\17.0.12-win32-x86_64\bin\nio.dll
0x00007ffc03d60000 - 0x00007ffc03d70000 	c:\Users\tiago\.vscode\extensions\redhat.java-1.35.1-win32-x64\jre\17.0.12-win32-x86_64\bin\verify.dll
0x00007ffbf1310000 - 0x00007ffbf1355000 	C:\Users\tiago\AppData\Roaming\Code\User\globalStorage\redhat.java\1.35.1\config_win\org.eclipse.equinox.launcher\org.eclipse.equinox.launcher.win32.win32.x86_64_1.2.1100.v20240722-2106\eclipse_11904.dll
0x00007ffc10a30000 - 0x00007ffc10b5b000 	C:\WINDOWS\System32\ole32.dll
0x00007ffc01900000 - 0x00007ffc01909000 	C:\Users\tiago\.vscode\extensions\redhat.java-1.35.1-win32-x64\jre\17.0.12-win32-x86_64\bin\management.dll
0x00007ffc01730000 - 0x00007ffc0173b000 	C:\Users\tiago\.vscode\extensions\redhat.java-1.35.1-win32-x64\jre\17.0.12-win32-x86_64\bin\management_ext.dll
0x00007ffc102c0000 - 0x00007ffc102c8000 	C:\WINDOWS\System32\PSAPI.DLL
0x00007ffc0e790000 - 0x00007ffc0e7a8000 	C:\WINDOWS\SYSTEM32\CRYPTSP.dll
0x00007ffc0db60000 - 0x00007ffc0db94000 	C:\WINDOWS\system32\rsaenh.dll
0x00007ffc0eab0000 - 0x00007ffc0eade000 	C:\WINDOWS\SYSTEM32\USERENV.dll
0x00007ffc0e3b0000 - 0x00007ffc0e3bc000 	C:\WINDOWS\SYSTEM32\CRYPTBASE.dll
0x00007ffc0df20000 - 0x00007ffc0df5b000 	C:\WINDOWS\SYSTEM32\IPHLPAPI.DLL
0x00007ffc10b60000 - 0x00007ffc10b68000 	C:\WINDOWS\System32\NSI.dll
0x00007ffc07d50000 - 0x00007ffc07d67000 	C:\WINDOWS\SYSTEM32\dhcpcsvc6.DLL
0x00007ffc07cf0000 - 0x00007ffc07d0d000 	C:\WINDOWS\SYSTEM32\dhcpcsvc.DLL
0x00007ffc0df60000 - 0x00007ffc0e02a000 	C:\WINDOWS\SYSTEM32\DNSAPI.dll
0x00007ffbeff50000 - 0x00007ffbeff99000 	C:\Users\tiago\AppData\Local\Temp\jna-110353012\jna17073835586302741801.dll
0x00007ffc01520000 - 0x00007ffc0152e000 	C:\Users\tiago\.vscode\extensions\redhat.java-1.35.1-win32-x64\jre\17.0.12-win32-x86_64\bin\sunmscapi.dll
0x00007ffc0f120000 - 0x00007ffc0f27c000 	C:\WINDOWS\System32\CRYPT32.dll
0x00007ffc0e4b0000 - 0x00007ffc0e4d9000 	C:\WINDOWS\SYSTEM32\ncrypt.dll
0x00007ffc0e470000 - 0x00007ffc0e4ab000 	C:\WINDOWS\SYSTEM32\NTASN1.dll
0x0000000051620000 - 0x0000000051646000 	C:\Program Files\Bonjour\mdnsNSP.dll
0x00007ffc077b0000 - 0x00007ffc077ba000 	C:\Windows\System32\rasadhlp.dll
0x00007ffc05830000 - 0x00007ffc058b0000 	C:\WINDOWS\System32\fwpuclnt.dll
0x00007ffc01020000 - 0x00007ffc01029000 	C:\Users\tiago\.vscode\extensions\redhat.java-1.35.1-win32-x64\jre\17.0.12-win32-x86_64\bin\extnet.dll

dbghelp: loaded successfully - version: 4.0.5 - missing functions: none
symbol engine: initialized successfully - sym options: 0x614 - pdb path: .;c:\Users\tiago\.vscode\extensions\redhat.java-1.35.1-win32-x64\jre\17.0.12-win32-x86_64\bin;C:\WINDOWS\SYSTEM32;C:\WINDOWS\WinSxS\amd64_microsoft.windows.common-controls_6595b64144ccf1df_6.0.19041.4355_none_60b8b9eb71f62e16;c:\Users\tiago\.vscode\extensions\redhat.java-1.35.1-win32-x64\jre\17.0.12-win32-x86_64\bin\server;C:\Users\tiago\AppData\Roaming\Code\User\globalStorage\redhat.java\1.35.1\config_win\org.eclipse.equinox.launcher\org.eclipse.equinox.launcher.win32.win32.x86_64_1.2.1100.v20240722-2106;C:\Users\tiago\AppData\Local\Temp\jna-110353012;C:\Program Files\Bonjour

VM Arguments:
jvm_args: --add-modules=ALL-SYSTEM --add-opens=java.base/java.util=ALL-UNNAMED --add-opens=java.base/java.lang=ALL-UNNAMED --add-opens=java.base/sun.nio.fs=ALL-UNNAMED -Declipse.application=org.eclipse.jdt.ls.core.id1 -Dosgi.bundles.defaultStartLevel=4 -Declipse.product=org.eclipse.jdt.ls.core.product -Djava.import.generatesMetadataFilesAtProjectRoot=false -DDetectVMInstallationsJob.disabled=true -Dfile.encoding=utf8 -XX:+UseParallelGC -XX:GCTimeRatio=4 -XX:AdaptiveSizePolicyWeight=90 -Dsun.zip.disableMemoryMapping=true -Xmx1G -Xms100m -Xlog:disable -javaagent:c:\Users\tiago\.vscode\extensions\redhat.java-1.35.1-win32-x64\lombok\lombok-1.18.33.jar -XX:+HeapDumpOnOutOfMemoryError -XX:HeapDumpPath=c:\Users\tiago\AppData\Roaming\Code\User\workspaceStorage\62c4f41c22d1dc319b9d2b4b6d873268\redhat.java -Daether.dependencyCollector.impl=bf 
java_command: c:\Users\tiago\.vscode\extensions\redhat.java-1.35.1-win32-x64\server\plugins\org.eclipse.equinox.launcher_1.6.900.v20240613-2009.jar -configuration c:\Users\tiago\AppData\Roaming\Code\User\globalStorage\redhat.java\1.35.1\config_win -data c:\Users\tiago\AppData\Roaming\Code\User\workspaceStorage\62c4f41c22d1dc319b9d2b4b6d873268\redhat.java\jdt_ws --pipe=\\.\pipe\lsp-dd9aba79a493fe7811c3494d8628bef2-sock
java_class_path (initial): c:\Users\tiago\.vscode\extensions\redhat.java-1.35.1-win32-x64\server\plugins\org.eclipse.equinox.launcher_1.6.900.v20240613-2009.jar
Launcher Type: SUN_STANDARD

[Global flags]
    uintx AdaptiveSizePolicyWeight                 = 90                                        {product} {command line}
     intx CICompilerCount                          = 3                                         {product} {ergonomic}
    uintx GCTimeRatio                              = 4                                         {product} {command line}
     bool HeapDumpOnOutOfMemoryError               = true                                   {manageable} {command line}
    ccstr HeapDumpPath                             = c:\Users\tiago\AppData\Roaming\Code\User\workspaceStorage\62c4f41c22d1dc319b9d2b4b6d873268\redhat.java         {manageable} {command line}
   size_t InitialHeapSize                          = 104857600                                 {product} {command line}
   size_t MaxHeapSize                              = 1073741824                                {product} {command line}
   size_t MaxNewSize                               = 357564416                                 {product} {ergonomic}
   size_t MinHeapDeltaBytes                        = 524288                                    {product} {ergonomic}
   size_t MinHeapSize                              = 104857600                                 {product} {command line}
   size_t NewSize                                  = 34603008                                  {product} {ergonomic}
    uintx NonNMethodCodeHeapSize                   = 5832780                                {pd product} {ergonomic}
    uintx NonProfiledCodeHeapSize                  = 122912730                              {pd product} {ergonomic}
   size_t OldSize                                  = 70254592                                  {product} {ergonomic}
    uintx ProfiledCodeHeapSize                     = 122912730                              {pd product} {ergonomic}
    uintx ReservedCodeCacheSize                    = 251658240                              {pd product} {ergonomic}
     bool SegmentedCodeCache                       = true                                      {product} {ergonomic}
   size_t SoftMaxHeapSize                          = 1073741824                             {manageable} {ergonomic}
     bool UseCompressedClassPointers               = true                           {product lp64_product} {ergonomic}
     bool UseCompressedOops                        = true                           {product lp64_product} {ergonomic}
     bool UseLargePagesIndividualAllocation        = false                                  {pd product} {ergonomic}
     bool UseParallelGC                            = true                                      {product} {command line}

Logging:
Log output configuration:
 #0: stdout all=off uptime,level,tags
 #1: stderr all=off uptime,level,tags

Environment Variables:
PATH=C:\Program Files\Smart Projects\IsoBuster;C:\Python310\Scripts\;C:\Python310\;C:\Program Files\Common Files\Oracle\Java\javapath;C:\WINDOWS\system32;C:\WINDOWS;C:\WINDOWS\System32\Wbem;C:\WINDOWS\System32\WindowsPowerShell\v1.0\;C:\WINDOWS\System32\OpenSSH\;C:\ProgramData\chocolatey\bin;C:\Program Files (x86)\Yarn\bin\;C:\Program Files\Git\cmd;C:\Program Files\Java\jdk-22\bin;C:\Program Files\dotnet\;C:\Program Files (x86)\Smart Projects\IsoBuster;C:\Program Files\Docker\Docker\resources\bin;C:\Program Files\nvm;C:\Program Files\nodejs;C:\Program Files\nodejs\;C:\Program Files\MySQL\MySQL Shell 8.0\bin\;C:\Users\tiago\AppData\Local\Microsoft\WindowsApps;C:\Users\tiago\AppData\Local\Yarn\bin;C:\Program Files\heroku\bin;C:\Program Files\MySQL\MySQL Server 8.0\lib;C:\apache-maven-3.9.6\bin;C:\Program Files\Java\jdk-22\bin;C:\Program Files\nvm;C:\Program Files\nodejs;C:\Users\tiago\AppData\Roaming\npm;C:\Users\tiago\AppData\Local\Programs\Microsoft VS Code\bin
USERNAME=tiago
OS=Windows_NT
PROCESSOR_IDENTIFIER=Intel64 Family 6 Model 58 Stepping 9, GenuineIntel
TMP=C:\Users\tiago\AppData\Local\Temp
TEMP=C:\Users\tiago\AppData\Local\Temp



Periodic native trim disabled


---------------  S Y S T E M  ---------------

OS:
 Windows 10 , 64 bit Build 19041 (10.0.19041.4842)
OS uptime: 0 days 7:27 hours
Hyper-V role detected

CPU: total 4 (initial active 4) (2 cores per cpu, 2 threads per core) family 6 model 58 stepping 9 microcode 0x21, cx8, cmov, fxsr, ht, mmx, sse, sse2, sse3, ssse3, sse4.1, sse4.2, popcnt, tsc, tscinvbit, avx, aes, erms, clmul, vzeroupper, clflush, hv
Processor Information for all 4 processors :
  Max Mhz: 3001, Current Mhz: 3001, Mhz Limit: 3001

Memory: 4k page, system-wide physical 8063M (294M free)
TotalPageFile size 12699M (AvailPageFile size 12M)
current process WorkingSet (physical memory assigned to process): 352M, peak: 367M
current process commit charge ("private bytes"): 398M, peak: 943M

vm_info: OpenJDK 64-Bit Server VM (17.0.12+7) for windows-amd64 JRE (17.0.12+7), built on Jul 16 2024 22:08:24 by "admin" with MS VC++ 16.10 / 16.11 (VS2019)

END.
