#
# There is insufficient memory for the Java Runtime Environment to continue.
# Native memory allocation (malloc) failed to allocate 1048576 bytes. Error detail: AllocateHeap
# Possible reasons:
#   The system is out of physical RAM or swap space
#   This process is running with CompressedOops enabled, and the Java Heap may be blocking the growth of the native heap
# Possible solutions:
#   Reduce memory load on the system
#   Increase physical memory or swap space
#   Check if swap backing store is full
#   Decrease Java heap size (-Xmx/-Xms)
#   Decrease number of Java threads
#   Decrease Java thread stack sizes (-Xss)
#   Set larger code cache with -XX:ReservedCodeCacheSize=
#   JVM is running with Unscaled Compressed Oops mode in which the Java heap is
#     placed in the first 4GB address space. The Java Heap base address is the
#     maximum limit for the native heap growth. Please use -XX:HeapBaseMinAddress
#     to set the Java Heap base and to place the Java Heap above 4GB virtual address.
# This output file may be truncated or incomplete.
#
#  Out of Memory Error (allocation.cpp:44), pid=14304, tid=13052
#
# JRE version:  (17.0.12+7) (build )
# Java VM: OpenJDK 64-Bit Server VM (17.0.12+7, mixed mode, sharing, tiered, compressed oops, compressed class ptrs, g1 gc, windows-amd64)
# No core dump will be written. Minidumps are not enabled by default on client versions of Windows
#

---------------  S U M M A R Y ------------

Command Line: -DwatchParentProcess=false -Xmx64M -XX:+UseG1GC -XX:+UseStringDeduplication -Xlog:disable org.eclipse.lsp4mp.ls.MicroProfileServerLauncher

Host: Intel(R) Core(TM) i7-3540M CPU @ 3.00GHz, 4 cores, 7G,  Windows 10 , 64 bit Build 19041 (10.0.19041.4842)
Time: Wed Oct  9 02:14:22 2024 Hora oficial do Brasil elapsed time: 0.018728 seconds (0d 0h 0m 0s)

---------------  T H R E A D  ---------------

Current thread (0x0000015f7fd27c00):  JavaThread "Unknown thread" [_thread_in_vm, id=13052, stack(0x0000003d6aa00000,0x0000003d6ab00000)]

Stack: [0x0000003d6aa00000,0x0000003d6ab00000]
Native frames: (J=compiled Java code, j=interpreted, Vv=VM code, C=native code)
V  [jvm.dll+0x67f929]
V  [jvm.dll+0x8371ba]
V  [jvm.dll+0x838c7e]
V  [jvm.dll+0x8392e3]
V  [jvm.dll+0x24834f]
V  [jvm.dll+0xa70d3]
V  [jvm.dll+0x2dab34]
V  [jvm.dll+0x808a0f]
V  [jvm.dll+0x36d3b1]
V  [jvm.dll+0x7e7425]
V  [jvm.dll+0x3f0edf]
V  [jvm.dll+0x3f2a31]
C  [jli.dll+0x528f]
C  [ucrtbase.dll+0x21bb2]
C  [KERNEL32.DLL+0x17374]
C  [ntdll.dll+0x4cc91]


---------------  P R O C E S S  ---------------

Threads class SMR info:
_java_thread_list=0x00007ffba8a56f18, length=0, elements={
}

Java Threads: ( => current thread )

Other Threads:

=>0x0000015f7fd27c00 (exited) JavaThread "Unknown thread" [_thread_in_vm, id=13052, stack(0x0000003d6aa00000,0x0000003d6ab00000)]

Threads with active compile tasks:

VM state: not at safepoint (not fully initialized)

VM Mutex/Monitor currently owned by a thread: None

Heap address: 0x0000000000000000, size: 0 MB, Compressed Oops mode: 32-bit

CDS archive(s) mapped at: [0x0000000000000000-0x0000000000000000-0x0000000000000000), size 0, SharedBaseAddress: 0x0000000800000000, ArchiveRelocationMode: 1.
Narrow klass base: 0x0000000000000000, Narrow klass shift: 0, Narrow klass range: 0x0

GC Precious Log:
<Empty>

GC Heap History (0 events):
No events

Dll operation events (1 events):
Event: 0.011 Loaded shared library c:\Users\tiago\.vscode\extensions\redhat.java-1.35.1-win32-x64\jre\17.0.12-win32-x86_64\bin\java.dll

Deoptimization events (0 events):
No events

Classes loaded (0 events):
No events

Classes unloaded (0 events):
No events

Classes redefined (0 events):
No events

Internal exceptions (0 events):
No events

VM Operations (0 events):
No events

Events (0 events):
No events


Dynamic libraries:
0x00007ff6fc100000 - 0x00007ff6fc10e000 	c:\Users\tiago\.vscode\extensions\redhat.java-1.35.1-win32-x64\jre\17.0.12-win32-x86_64\bin\java.exe
0x00007ffc11510000 - 0x00007ffc11708000 	C:\WINDOWS\SYSTEM32\ntdll.dll
0x00007ffc11120000 - 0x00007ffc111e1000 	C:\WINDOWS\System32\KERNEL32.DLL
0x00007ffc0ebc0000 - 0x00007ffc0eebd000 	C:\WINDOWS\System32\KERNELBASE.dll
0x00007ffc0f330000 - 0x00007ffc0f430000 	C:\WINDOWS\System32\ucrtbase.dll
0x00007ffc06620000 - 0x00007ffc0663b000 	c:\Users\tiago\.vscode\extensions\redhat.java-1.35.1-win32-x64\jre\17.0.12-win32-x86_64\bin\VCRUNTIME140.dll
0x00007ffc066d0000 - 0x00007ffc066e7000 	c:\Users\tiago\.vscode\extensions\redhat.java-1.35.1-win32-x64\jre\17.0.12-win32-x86_64\bin\jli.dll
0x00007ffc11330000 - 0x00007ffc114cd000 	C:\WINDOWS\System32\USER32.dll
0x00007ffbfc310000 - 0x00007ffbfc5aa000 	C:\WINDOWS\WinSxS\amd64_microsoft.windows.common-controls_6595b64144ccf1df_6.0.19041.4355_none_60b8b9eb71f62e16\COMCTL32.dll
0x00007ffc0f060000 - 0x00007ffc0f082000 	C:\WINDOWS\System32\win32u.dll
0x00007ffc101c0000 - 0x00007ffc1025e000 	C:\WINDOWS\System32\msvcrt.dll
0x00007ffc10bb0000 - 0x00007ffc10bdb000 	C:\WINDOWS\System32\GDI32.dll
0x00007ffc0ef10000 - 0x00007ffc0f027000 	C:\WINDOWS\System32\gdi32full.dll
0x00007ffc0f4a0000 - 0x00007ffc0f53d000 	C:\WINDOWS\System32\msvcp_win.dll
0x00007ffc10b80000 - 0x00007ffc10baf000 	C:\WINDOWS\System32\IMM32.DLL
0x00007ffc08660000 - 0x00007ffc0866c000 	c:\Users\tiago\.vscode\extensions\redhat.java-1.35.1-win32-x64\jre\17.0.12-win32-x86_64\bin\vcruntime140_1.dll
0x00007ffbf0d40000 - 0x00007ffbf0dcd000 	c:\Users\tiago\.vscode\extensions\redhat.java-1.35.1-win32-x64\jre\17.0.12-win32-x86_64\bin\msvcp140.dll
0x00007ffba7f20000 - 0x00007ffba8b8a000 	c:\Users\tiago\.vscode\extensions\redhat.java-1.35.1-win32-x64\jre\17.0.12-win32-x86_64\bin\server\jvm.dll
0x00007ffc0f5a0000 - 0x00007ffc0f650000 	C:\WINDOWS\System32\ADVAPI32.dll
0x00007ffc0fdc0000 - 0x00007ffc0fe60000 	C:\WINDOWS\System32\sechost.dll
0x00007ffc10be0000 - 0x00007ffc10d03000 	C:\WINDOWS\System32\RPCRT4.dll
0x00007ffc0f030000 - 0x00007ffc0f057000 	C:\WINDOWS\System32\bcrypt.dll
0x00007ffc102d0000 - 0x00007ffc1033b000 	C:\WINDOWS\System32\WS2_32.dll
0x00007ffc0ea20000 - 0x00007ffc0ea6b000 	C:\WINDOWS\SYSTEM32\POWRPROF.dll
0x00007ffbfcf50000 - 0x00007ffbfcf77000 	C:\WINDOWS\SYSTEM32\WINMM.dll
0x00007ffc01580000 - 0x00007ffc0158a000 	C:\WINDOWS\SYSTEM32\VERSION.dll
0x00007ffc0ea00000 - 0x00007ffc0ea12000 	C:\WINDOWS\SYSTEM32\UMPDC.dll
0x00007ffc0ca00000 - 0x00007ffc0ca12000 	C:\WINDOWS\SYSTEM32\kernel.appcore.dll
0x00007ffc06720000 - 0x00007ffc0672a000 	c:\Users\tiago\.vscode\extensions\redhat.java-1.35.1-win32-x64\jre\17.0.12-win32-x86_64\bin\jimage.dll
0x00007ffc02c90000 - 0x00007ffc02e74000 	C:\WINDOWS\SYSTEM32\DBGHELP.DLL
0x00007ffc027c0000 - 0x00007ffc027f4000 	C:\WINDOWS\SYSTEM32\dbgcore.DLL
0x00007ffc0f090000 - 0x00007ffc0f112000 	C:\WINDOWS\System32\bcryptPrimitives.dll
0x00007ffbf34f0000 - 0x00007ffbf3515000 	c:\Users\tiago\.vscode\extensions\redhat.java-1.35.1-win32-x64\jre\17.0.12-win32-x86_64\bin\java.dll

dbghelp: loaded successfully - version: 4.0.5 - missing functions: none
symbol engine: initialized successfully - sym options: 0x614 - pdb path: .;c:\Users\tiago\.vscode\extensions\redhat.java-1.35.1-win32-x64\jre\17.0.12-win32-x86_64\bin;C:\WINDOWS\SYSTEM32;C:\WINDOWS\WinSxS\amd64_microsoft.windows.common-controls_6595b64144ccf1df_6.0.19041.4355_none_60b8b9eb71f62e16;c:\Users\tiago\.vscode\extensions\redhat.java-1.35.1-win32-x64\jre\17.0.12-win32-x86_64\bin\server

VM Arguments:
jvm_args: -DwatchParentProcess=false -Xmx64M -XX:+UseG1GC -XX:+UseStringDeduplication -Xlog:disable 
java_command: org.eclipse.lsp4mp.ls.MicroProfileServerLauncher
java_class_path (initial): c:\Users\tiago\.vscode\extensions\redhat.vscode-microprofile-0.12.0\server/org.eclipse.lsp4mp.ls-uber.jar;c:\Users\tiago\.vscode\extensions\redhat.vscode-quarkus-1.18.1\server\com.redhat.quarkus.ls.jar
Launcher Type: SUN_STANDARD

[Global flags]
     intx CICompilerCount                          = 3                                         {product} {ergonomic}
     uint ConcGCThreads                            = 1                                         {product} {ergonomic}
     uint G1ConcRefinementThreads                  = 4                                         {product} {ergonomic}
   size_t G1HeapRegionSize                         = 1048576                                   {product} {ergonomic}
    uintx GCDrainStackTargetSize                   = 64                                        {product} {ergonomic}
   size_t InitialHeapSize                          = 67108864                                  {product} {ergonomic}
   size_t MarkStackSize                            = 4194304                                   {product} {ergonomic}
   size_t MaxHeapSize                              = 67108864                                  {product} {command line}
   size_t MinHeapDeltaBytes                        = 1048576                                   {product} {ergonomic}
   size_t MinHeapSize                              = 8388608                                   {product} {ergonomic}
    uintx NonNMethodCodeHeapSize                   = 5832780                                {pd product} {ergonomic}
    uintx NonProfiledCodeHeapSize                  = 122912730                              {pd product} {ergonomic}
    uintx ProfiledCodeHeapSize                     = 122912730                              {pd product} {ergonomic}
    uintx ReservedCodeCacheSize                    = 251658240                              {pd product} {ergonomic}
     bool SegmentedCodeCache                       = true                                      {product} {ergonomic}
   size_t SoftMaxHeapSize                          = 67108864                               {manageable} {ergonomic}
     bool UseCompressedClassPointers               = true                           {product lp64_product} {ergonomic}
     bool UseCompressedOops                        = true                           {product lp64_product} {ergonomic}
     bool UseG1GC                                  = true                                      {product} {command line}
     bool UseLargePagesIndividualAllocation        = false                                  {pd product} {ergonomic}
     bool UseStringDeduplication                   = true                                      {product} {command line}

Logging:
Log output configuration:
 #0: stdout all=off uptime,level,tags
 #1: stderr all=off uptime,level,tags

Environment Variables:
PATH=C:\Program Files\Smart Projects\IsoBuster;C:\Python310\Scripts\;C:\Python310\;C:\Program Files\Common Files\Oracle\Java\javapath;C:\WINDOWS\system32;C:\WINDOWS;C:\WINDOWS\System32\Wbem;C:\WINDOWS\System32\WindowsPowerShell\v1.0\;C:\WINDOWS\System32\OpenSSH\;C:\ProgramData\chocolatey\bin;C:\Program Files (x86)\Yarn\bin\;C:\Program Files\Git\cmd;C:\Program Files\Java\jdk-22\bin;C:\Program Files\dotnet\;C:\Program Files (x86)\Smart Projects\IsoBuster;C:\Program Files\Docker\Docker\resources\bin;C:\Program Files\nvm;C:\Program Files\nodejs;C:\Program Files\nodejs\;C:\Program Files\MySQL\MySQL Shell 8.0\bin\;C:\Users\tiago\AppData\Local\Microsoft\WindowsApps;C:\Users\tiago\AppData\Local\Yarn\bin;C:\Program Files\heroku\bin;C:\Program Files\MySQL\MySQL Server 8.0\lib;C:\apache-maven-3.9.6\bin;C:\Program Files\Java\jdk-22\bin;C:\Program Files\nvm;C:\Program Files\nodejs;C:\Users\tiago\AppData\Roaming\npm;C:\Users\tiago\AppData\Local\Programs\Microsoft VS Code\bin
USERNAME=tiago
OS=Windows_NT
PROCESSOR_IDENTIFIER=Intel64 Family 6 Model 58 Stepping 9, GenuineIntel
TMP=C:\Users\tiago\AppData\Local\Temp
TEMP=C:\Users\tiago\AppData\Local\Temp



Periodic native trim disabled


---------------  S Y S T E M  ---------------

OS:
 Windows 10 , 64 bit Build 19041 (10.0.19041.4842)
OS uptime: 0 days 7:27 hours
Hyper-V role detected

CPU: total 4 (initial active 4) (2 cores per cpu, 2 threads per core) family 6 model 58 stepping 9 microcode 0x21, cx8, cmov, fxsr, ht, mmx, sse, sse2, sse3, ssse3, sse4.1, sse4.2, popcnt, tsc, tscinvbit, avx, aes, erms, clmul, vzeroupper, clflush, hv
Processor Information for all 4 processors :
  Max Mhz: 3001, Current Mhz: 3001, Mhz Limit: 3001

Memory: 4k page, system-wide physical 8063M (296M free)
TotalPageFile size 12699M (AvailPageFile size 4M)
current process WorkingSet (physical memory assigned to process): 9M, peak: 9M
current process commit charge ("private bytes"): 12M, peak: 13M

vm_info: OpenJDK 64-Bit Server VM (17.0.12+7) for windows-amd64 JRE (17.0.12+7), built on Jul 16 2024 22:08:24 by "admin" with MS VC++ 16.10 / 16.11 (VS2019)

END.
